  [1m[35m (7.5ms)[0m  [1m[35mCREATE TABLE "schema_migrations" ("version" varchar NOT NULL PRIMARY KEY)[0m
  [1m[35m (9.5ms)[0m  [1m[35mCREATE TABLE "ar_internal_metadata" ("key" varchar NOT NULL PRIMARY KEY, "value" varchar, "created_at" datetime(6) NOT NULL, "updated_at" datetime(6) NOT NULL)[0m
  [1m[36mActiveRecord::SchemaMigration Pluck (0.3ms)[0m  [1m[34mSELECT "schema_migrations"."version" FROM "schema_migrations" ORDER BY "schema_migrations"."version" ASC[0m
Migrating to CreateUsers (20220922153029)
  [1m[36mTRANSACTION (0.1ms)[0m  [1m[36mbegin transaction[0m
  [1m[35m (0.4ms)[0m  [1m[35mCREATE TABLE "users" ("id" integer PRIMARY KEY AUTOINCREMENT NOT NULL, "email" varchar, "password_digest" varchar, "created_at" datetime(6) NOT NULL, "updated_at" datetime(6) NOT NULL)[0m
  [1m[36mActiveRecord::SchemaMigration Create (0.3ms)[0m  [1m[32mINSERT INTO "schema_migrations" ("version") VALUES (?)[0m  [["version", "20220922153029"]]
  [1m[36mTRANSACTION (6.3ms)[0m  [1m[36mcommit transaction[0m
  [1m[36mActiveRecord::InternalMetadata Load (0.2ms)[0m  [1m[34mSELECT "ar_internal_metadata".* FROM "ar_internal_metadata" WHERE "ar_internal_metadata"."key" = ? LIMIT ?[0m  [["key", "environment"], ["LIMIT", 1]]
  [1m[36mTRANSACTION (0.1ms)[0m  [1m[36mbegin transaction[0m
  [1m[36mActiveRecord::InternalMetadata Create (0.2ms)[0m  [1m[32mINSERT INTO "ar_internal_metadata" ("key", "value", "created_at", "updated_at") VALUES (?, ?, ?, ?)[0m  [["key", "environment"], ["value", "development"], ["created_at", "2022-09-22 15:32:11.649476"], ["updated_at", "2022-09-22 15:32:11.649476"]]
  [1m[36mTRANSACTION (2.7ms)[0m  [1m[36mcommit transaction[0m
  [1m[36mActiveRecord::SchemaMigration Pluck (0.1ms)[0m  [1m[34mSELECT "schema_migrations"."version" FROM "schema_migrations" ORDER BY "schema_migrations"."version" ASC[0m
Started GET "/" for 127.0.0.1 at 2022-09-22 18:46:18 +0300
  [1m[36mActiveRecord::SchemaMigration Pluck (0.2ms)[0m  [1m[34mSELECT "schema_migrations"."version" FROM "schema_migrations" ORDER BY "schema_migrations"."version" ASC[0m
Processing by PagesController#index as HTML
Redirected to http://localhost:4001/login
Filter chain halted as :require_user rendered or redirected
Completed 302 Found in 13ms (ActiveRecord: 0.0ms | Allocations: 3661)


Started GET "/login" for 127.0.0.1 at 2022-09-22 18:46:19 +0300
Processing by SessionsController#new as HTML
  Rendering layout layouts/application.html.erb
  Rendering sessions/new.html.erb within layouts/application
  Rendered sessions/new.html.erb within layouts/application (Duration: 8.4ms | Allocations: 2175)
  Rendered layout layouts/application.html.erb (Duration: 314.9ms | Allocations: 93723)
Completed 200 OK in 336ms (Views: 328.4ms | ActiveRecord: 0.0ms | Allocations: 97864)


Started GET "/signup" for 127.0.0.1 at 2022-09-22 18:46:23 +0300
Processing by UsersController#new as HTML
  Rendering layout layouts/application.html.erb
  Rendering users/new.html.erb within layouts/application
  Rendered users/new.html.erb within layouts/application (Duration: 18.5ms | Allocations: 5015)
  Rendered layout layouts/application.html.erb (Duration: 19.1ms | Allocations: 5105)
Completed 500 Internal Server Error in 67ms (ActiveRecord: 1.4ms | Allocations: 22389)


  
ActionView::Template::Error (undefined method `first_name' for #<User id: nil, email: nil, password_digest: nil, created_at: nil, updated_at: nil>):
    4: 
    5:     <h1>Sign up</h1>
    6:     <%= form_for(@user) do |f| %>
    7:       <%= f.text_field :first_name, :placeholder => "First name" %>
    8:       <%= f.text_field :last_name, :placeholder => "Last name" %>
    9:       <%= f.email_field :email, :placeholder => "Email" %>
   10:       <%= f.password_field :password, :placeholder => "Password" %>
  
app/views/users/new.html.erb:7
app/views/users/new.html.erb:6
Started GET "/signup" for 127.0.0.1 at 2022-09-22 18:46:46 +0300
Processing by UsersController#new as HTML
  Rendering layout layouts/application.html.erb
  Rendering users/new.html.erb within layouts/application
  Rendered users/new.html.erb within layouts/application (Duration: 4.1ms | Allocations: 1144)
  Rendered layout layouts/application.html.erb (Duration: 24.1ms | Allocations: 3913)
Completed 200 OK in 29ms (Views: 27.6ms | ActiveRecord: 0.0ms | Allocations: 5098)


Started POST "/users" for 127.0.0.1 at 2022-09-22 18:46:52 +0300
Processing by UsersController#create as TURBO_STREAM
  Parameters: {"authenticity_token"=>"[FILTERED]", "user"=>{"email"=>"kozhukhargay@mail.com", "password"=>"[FILTERED]"}, "commit"=>"Create an account"}
  [1m[36mTRANSACTION (0.1ms)[0m  [1m[36mbegin transaction[0m
  ↳ app/controllers/users_controller.rb:9:in `create'
  [1m[36mUser Create (0.3ms)[0m  [1m[32mINSERT INTO "users" ("email", "password_digest", "created_at", "updated_at") VALUES (?, ?, ?, ?)[0m  [["email", "kozhukhargay@mail.com"], ["password_digest", "[FILTERED]"], ["created_at", "2022-09-22 15:46:53.131532"], ["updated_at", "2022-09-22 15:46:53.131532"]]
  ↳ app/controllers/users_controller.rb:9:in `create'
  [1m[36mTRANSACTION (8.1ms)[0m  [1m[36mcommit transaction[0m
  ↳ app/controllers/users_controller.rb:9:in `create'
Redirected to http://localhost:4001/
Completed 302 Found in 321ms (ActiveRecord: 8.5ms | Allocations: 3689)


Started GET "/" for 127.0.0.1 at 2022-09-22 18:46:53 +0300
Processing by PagesController#index as TURBO_STREAM
  [1m[36mUser Load (0.2ms)[0m  [1m[34mSELECT "users".* FROM "users" WHERE "users"."id" = ? LIMIT ?[0m  [["id", 1], ["LIMIT", 1]]
  ↳ app/controllers/application_controller.rb:8:in `current_user'
  Rendering layout layouts/application.html.erb
  Rendering pages/index.html.erb within layouts/application
  Rendered pages/index.html.erb within layouts/application (Duration: 0.4ms | Allocations: 113)
  Rendered layout layouts/application.html.erb (Duration: 40.1ms | Allocations: 2650)
Completed 200 OK in 48ms (Views: 42.6ms | ActiveRecord: 0.2ms | Allocations: 6590)


Started GET "/logout" for 127.0.0.1 at 2022-09-22 18:46:55 +0300
  
ActionController::RoutingError (No route matches [GET] "/logout"):
  
Started GET "/" for 127.0.0.1 at 2022-09-22 18:49:06 +0300
Processing by PagesController#index as HTML
  [1m[36mUser Load (0.5ms)[0m  [1m[34mSELECT "users".* FROM "users" WHERE "users"."id" = ? LIMIT ?[0m  [["id", 1], ["LIMIT", 1]]
  ↳ app/controllers/application_controller.rb:8:in `current_user'
  Rendering layout layouts/application.html.erb
  Rendering pages/index.html.erb within layouts/application
  Rendered pages/index.html.erb within layouts/application (Duration: 0.1ms | Allocations: 7)
  Rendered layout layouts/application.html.erb (Duration: 24.6ms | Allocations: 3647)
Completed 200 OK in 31ms (Views: 27.6ms | ActiveRecord: 0.5ms | Allocations: 4760)


Started GET "/logout" for 127.0.0.1 at 2022-09-22 18:49:09 +0300
  
ActionController::RoutingError (No route matches [GET] "/logout"):
  
Started GET "/" for 127.0.0.1 at 2022-09-22 18:49:10 +0300
Processing by PagesController#index as HTML
  [1m[36mUser Load (0.3ms)[0m  [1m[34mSELECT "users".* FROM "users" WHERE "users"."id" = ? LIMIT ?[0m  [["id", 1], ["LIMIT", 1]]
  ↳ app/controllers/application_controller.rb:8:in `current_user'
  Rendering layout layouts/application.html.erb
  Rendering pages/index.html.erb within layouts/application
  Rendered pages/index.html.erb within layouts/application (Duration: 0.1ms | Allocations: 7)
  Rendered layout layouts/application.html.erb (Duration: 6.7ms | Allocations: 2233)
Completed 200 OK in 14ms (Views: 8.3ms | ActiveRecord: 0.3ms | Allocations: 3231)


Started GET "/signup" for 127.0.0.1 at 2022-09-22 18:49:16 +0300
Processing by UsersController#new as HTML
  Rendering layout layouts/application.html.erb
  Rendering users/new.html.erb within layouts/application
  Rendered users/new.html.erb within layouts/application (Duration: 2.0ms | Allocations: 733)
  [1m[36mUser Load (0.3ms)[0m  [1m[34mSELECT "users".* FROM "users" WHERE "users"."id" = ? LIMIT ?[0m  [["id", 1], ["LIMIT", 1]]
  ↳ app/controllers/application_controller.rb:8:in `current_user'
  Rendered layout layouts/application.html.erb (Duration: 15.3ms | Allocations: 3397)
Completed 200 OK in 17ms (Views: 16.0ms | ActiveRecord: 0.3ms | Allocations: 3733)


Started GET "/login" for 127.0.0.1 at 2022-09-22 18:49:23 +0300
Processing by SessionsController#new as HTML
  Rendering layout layouts/application.html.erb
  Rendering sessions/new.html.erb within layouts/application
  Rendered sessions/new.html.erb within layouts/application (Duration: 3.9ms | Allocations: 1015)
  [1m[36mUser Load (0.2ms)[0m  [1m[34mSELECT "users".* FROM "users" WHERE "users"."id" = ? LIMIT ?[0m  [["id", 1], ["LIMIT", 1]]
  ↳ app/controllers/application_controller.rb:8:in `current_user'
  Rendered layout layouts/application.html.erb (Duration: 13.0ms | Allocations: 3961)
Completed 200 OK in 18ms (Views: 16.0ms | ActiveRecord: 0.2ms | Allocations: 4885)


Started GET "/login" for 127.0.0.1 at 2022-09-22 18:49:52 +0300
Processing by SessionsController#new as HTML
  Rendering layout layouts/application.html.erb
  Rendering sessions/new.html.erb within layouts/application
  Rendered sessions/new.html.erb within layouts/application (Duration: 5.4ms | Allocations: 1018)
  [1m[36mUser Load (0.7ms)[0m  [1m[34mSELECT "users".* FROM "users" WHERE "users"."id" = ? LIMIT ?[0m  [["id", 1], ["LIMIT", 1]]
  ↳ app/controllers/application_controller.rb:8:in `current_user'
  Rendered layout layouts/application.html.erb (Duration: 19.9ms | Allocations: 4297)
Completed 200 OK in 27ms (Views: 23.3ms | ActiveRecord: 0.7ms | Allocations: 5456)


Started GET "/login" for 127.0.0.1 at 2022-09-22 18:49:54 +0300
Processing by SessionsController#new as HTML
  Rendering layout layouts/application.html.erb
  Rendering sessions/new.html.erb within layouts/application
  Rendered sessions/new.html.erb within layouts/application (Duration: 1.4ms | Allocations: 646)
  [1m[36mUser Load (0.2ms)[0m  [1m[34mSELECT "users".* FROM "users" WHERE "users"."id" = ? LIMIT ?[0m  [["id", 1], ["LIMIT", 1]]
  ↳ app/controllers/application_controller.rb:8:in `current_user'
  Rendered layout layouts/application.html.erb (Duration: 16.5ms | Allocations: 3301)
Completed 200 OK in 19ms (Views: 17.7ms | ActiveRecord: 0.2ms | Allocations: 3634)


Started GET "/login" for 127.0.0.1 at 2022-09-22 18:49:55 +0300
Processing by SessionsController#new as HTML
  Rendering layout layouts/application.html.erb
  Rendering sessions/new.html.erb within layouts/application
  Rendered sessions/new.html.erb within layouts/application (Duration: 2.2ms | Allocations: 644)
  [1m[36mUser Load (0.2ms)[0m  [1m[34mSELECT "users".* FROM "users" WHERE "users"."id" = ? LIMIT ?[0m  [["id", 1], ["LIMIT", 1]]
  ↳ app/controllers/application_controller.rb:8:in `current_user'
  Rendered layout layouts/application.html.erb (Duration: 12.6ms | Allocations: 3299)
Completed 200 OK in 15ms (Views: 13.5ms | ActiveRecord: 0.2ms | Allocations: 3615)


Started GET "/login" for 127.0.0.1 at 2022-09-22 18:49:56 +0300
Processing by SessionsController#new as HTML
  Rendering layout layouts/application.html.erb
  Rendering sessions/new.html.erb within layouts/application
  Rendered sessions/new.html.erb within layouts/application (Duration: 0.8ms | Allocations: 646)
  [1m[36mUser Load (0.1ms)[0m  [1m[34mSELECT "users".* FROM "users" WHERE "users"."id" = ? LIMIT ?[0m  [["id", 1], ["LIMIT", 1]]
  ↳ app/controllers/application_controller.rb:8:in `current_user'
  Rendered layout layouts/application.html.erb (Duration: 5.5ms | Allocations: 3302)
Completed 200 OK in 7ms (Views: 6.8ms | ActiveRecord: 0.1ms | Allocations: 3618)


Started GET "/signup" for 127.0.0.1 at 2022-09-22 18:50:04 +0300
Processing by UsersController#new as HTML
  Rendering layout layouts/application.html.erb
  Rendering users/new.html.erb within layouts/application
  Rendered users/new.html.erb within layouts/application (Duration: 5.1ms | Allocations: 1108)
  [1m[36mUser Load (0.2ms)[0m  [1m[34mSELECT "users".* FROM "users" WHERE "users"."id" = ? LIMIT ?[0m  [["id", 1], ["LIMIT", 1]]
  ↳ app/controllers/application_controller.rb:8:in `current_user'
  Rendered layout layouts/application.html.erb (Duration: 16.2ms | Allocations: 4391)
Completed 200 OK in 25ms (Views: 23.1ms | ActiveRecord: 0.2ms | Allocations: 5539)


Started GET "/signup" for 127.0.0.1 at 2022-09-22 18:50:22 +0300
Processing by UsersController#new as HTML
  Rendering layout layouts/application.html.erb
  Rendering users/new.html.erb within layouts/application
  Rendered users/new.html.erb within layouts/application (Duration: 4.4ms | Allocations: 1145)
  [1m[36mUser Load (0.3ms)[0m  [1m[34mSELECT "users".* FROM "users" WHERE "users"."id" = ? LIMIT ?[0m  [["id", 1], ["LIMIT", 1]]
  ↳ app/controllers/application_controller.rb:8:in `current_user'
  Rendered layout layouts/application.html.erb (Duration: 21.9ms | Allocations: 4428)
Completed 200 OK in 31ms (Views: 29.5ms | ActiveRecord: 0.3ms | Allocations: 5592)


Started GET "/signup" for 127.0.0.1 at 2022-09-22 18:51:00 +0300
Processing by UsersController#new as HTML
  Rendering layout layouts/application.html.erb
  Rendering users/new.html.erb within layouts/application
  Rendered users/new.html.erb within layouts/application (Duration: 3.5ms | Allocations: 1144)
  [1m[36mUser Load (0.2ms)[0m  [1m[34mSELECT "users".* FROM "users" WHERE "users"."id" = ? LIMIT ?[0m  [["id", 1], ["LIMIT", 1]]
  ↳ app/controllers/application_controller.rb:8:in `current_user'
  Rendered layout layouts/application.html.erb (Duration: 13.3ms | Allocations: 4427)
Completed 200 OK in 21ms (Views: 19.9ms | ActiveRecord: 0.2ms | Allocations: 5589)


Started GET "/login" for 127.0.0.1 at 2022-09-22 18:51:03 +0300
Processing by SessionsController#new as HTML
  Rendering layout layouts/application.html.erb
  Rendering sessions/new.html.erb within layouts/application
  Rendered sessions/new.html.erb within layouts/application (Duration: 4.9ms | Allocations: 1058)
  [1m[36mUser Load (0.2ms)[0m  [1m[34mSELECT "users".* FROM "users" WHERE "users"."id" = ? LIMIT ?[0m  [["id", 1], ["LIMIT", 1]]
  ↳ app/controllers/application_controller.rb:8:in `current_user'
  Rendered layout layouts/application.html.erb (Duration: 17.5ms | Allocations: 3996)
Completed 200 OK in 22ms (Views: 20.3ms | ActiveRecord: 0.2ms | Allocations: 4935)


Started GET "/login" for 127.0.0.1 at 2022-09-22 18:51:34 +0300
Processing by SessionsController#new as HTML
  Rendering layout layouts/application.html.erb
  Rendering sessions/new.html.erb within layouts/application
  Rendered sessions/new.html.erb within layouts/application (Duration: 23.5ms | Allocations: 1061)
  [1m[36mUser Load (0.2ms)[0m  [1m[34mSELECT "users".* FROM "users" WHERE "users"."id" = ? LIMIT ?[0m  [["id", 1], ["LIMIT", 1]]
  ↳ app/controllers/application_controller.rb:8:in `current_user'
  Rendered layout layouts/application.html.erb (Duration: 44.4ms | Allocations: 4361)
Completed 200 OK in 54ms (Views: 51.2ms | ActiveRecord: 0.2ms | Allocations: 5521)


Started GET "/login" for 127.0.0.1 at 2022-09-22 18:51:43 +0300
Processing by SessionsController#new as HTML
  Rendering layout layouts/application.html.erb
  Rendering sessions/new.html.erb within layouts/application
  Rendered sessions/new.html.erb within layouts/application (Duration: 8.2ms | Allocations: 1057)
  [1m[36mUser Load (0.3ms)[0m  [1m[34mSELECT "users".* FROM "users" WHERE "users"."id" = ? LIMIT ?[0m  [["id", 1], ["LIMIT", 1]]
  ↳ app/controllers/application_controller.rb:8:in `current_user'
  Rendered layout layouts/application.html.erb (Duration: 32.1ms | Allocations: 4335)
Completed 200 OK in 45ms (Views: 41.0ms | ActiveRecord: 0.3ms | Allocations: 5478)


Started GET "/logout" for 127.0.0.1 at 2022-09-22 18:51:52 +0300
  
ActionController::RoutingError (No route matches [GET] "/logout"):
  
Started GET "/logout" for 127.0.0.1 at 2022-09-22 18:52:18 +0300
Processing by SessionsController#destroy as HTML
Redirected to http://localhost:4001/
Completed 302 Found in 2ms (Allocations: 561)


Started GET "/" for 127.0.0.1 at 2022-09-22 18:52:19 +0300
Processing by PagesController#index as HTML
Redirected to http://localhost:4001/login
Filter chain halted as :require_user rendered or redirected
Completed 302 Found in 2ms (Allocations: 572)


Started GET "/login" for 127.0.0.1 at 2022-09-22 18:52:19 +0300
Processing by SessionsController#new as HTML
  Rendering layout layouts/application.html.erb
  Rendering sessions/new.html.erb within layouts/application
  Rendered sessions/new.html.erb within layouts/application (Duration: 1.1ms | Allocations: 797)
  Rendered layout layouts/application.html.erb (Duration: 18.4ms | Allocations: 14509)
Completed 200 OK in 21ms (Views: 20.5ms | Allocations: 15354)


Started POST "/login" for 127.0.0.1 at 2022-09-22 18:52:27 +0300
  
ActionController::RoutingError (No route matches [POST] "/login"):
  
Started POST "/login" for 127.0.0.1 at 2022-09-22 18:52:33 +0300
  
ActionController::RoutingError (No route matches [POST] "/login"):
  
Started POST "/login" for 127.0.0.1 at 2022-09-22 18:52:34 +0300
  
ActionController::RoutingError (No route matches [POST] "/login"):
  
Started POST "/login" for 127.0.0.1 at 2022-09-22 18:52:34 +0300
  
ActionController::RoutingError (No route matches [POST] "/login"):
  
Started POST "/login" for 127.0.0.1 at 2022-09-22 18:52:34 +0300
  
ActionController::RoutingError (No route matches [POST] "/login"):
  
Started POST "/login" for 127.0.0.1 at 2022-09-22 18:52:34 +0300
  
ActionController::RoutingError (No route matches [POST] "/login"):
  
Started POST "/login" for 127.0.0.1 at 2022-09-22 18:52:34 +0300
  
ActionController::RoutingError (No route matches [POST] "/login"):
  
Started POST "/login" for 127.0.0.1 at 2022-09-22 18:52:35 +0300
  
ActionController::RoutingError (No route matches [POST] "/login"):
  
Started POST "/login" for 127.0.0.1 at 2022-09-22 18:52:35 +0300
  
ActionController::RoutingError (No route matches [POST] "/login"):
  
Started POST "/login" for 127.0.0.1 at 2022-09-22 18:52:35 +0300
  
ActionController::RoutingError (No route matches [POST] "/login"):
  
Started GET "/signup" for 127.0.0.1 at 2022-09-22 18:52:41 +0300
Processing by UsersController#new as HTML
  Rendering layout layouts/application.html.erb
  Rendering users/new.html.erb within layouts/application
  Rendered users/new.html.erb within layouts/application (Duration: 5.9ms | Allocations: 1144)
  Rendered layout layouts/application.html.erb (Duration: 16.0ms | Allocations: 3530)
Completed 200 OK in 36ms (Views: 23.8ms | ActiveRecord: 1.5ms | Allocations: 7232)


Started POST "/users" for 127.0.0.1 at 2022-09-22 18:52:47 +0300
Processing by UsersController#create as TURBO_STREAM
  Parameters: {"authenticity_token"=>"[FILTERED]", "user"=>{"email"=>"kozhukhargay@mail.com", "password"=>"[FILTERED]"}, "commit"=>"Create an account"}
  [1m[36mTRANSACTION (0.1ms)[0m  [1m[36mbegin transaction[0m
  ↳ app/controllers/users_controller.rb:9:in `create'
  [1m[36mUser Create (0.3ms)[0m  [1m[32mINSERT INTO "users" ("email", "password_digest", "created_at", "updated_at") VALUES (?, ?, ?, ?)[0m  [["email", "kozhukhargay@mail.com"], ["password_digest", "[FILTERED]"], ["created_at", "2022-09-22 15:52:47.679105"], ["updated_at", "2022-09-22 15:52:47.679105"]]
  ↳ app/controllers/users_controller.rb:9:in `create'
  [1m[36mTRANSACTION (7.4ms)[0m  [1m[36mcommit transaction[0m
  ↳ app/controllers/users_controller.rb:9:in `create'
Redirected to http://localhost:4001/
Completed 302 Found in 330ms (ActiveRecord: 7.8ms | Allocations: 2527)


Started GET "/" for 127.0.0.1 at 2022-09-22 18:52:47 +0300
Processing by PagesController#index as TURBO_STREAM
  [1m[36mUser Load (0.2ms)[0m  [1m[34mSELECT "users".* FROM "users" WHERE "users"."id" = ? LIMIT ?[0m  [["id", 2], ["LIMIT", 1]]
  ↳ app/controllers/application_controller.rb:8:in `current_user'
  Rendering layout layouts/application.html.erb
  Rendering pages/index.html.erb within layouts/application
  Rendered pages/index.html.erb within layouts/application (Duration: 0.5ms | Allocations: 115)
  Rendered layout layouts/application.html.erb (Duration: 3.9ms | Allocations: 2593)
Completed 200 OK in 9ms (Views: 5.5ms | ActiveRecord: 0.2ms | Allocations: 5058)


Started GET "/logout" for 127.0.0.1 at 2022-09-22 18:52:50 +0300
Processing by SessionsController#destroy as HTML
Redirected to http://localhost:4001/
Completed 302 Found in 2ms (ActiveRecord: 0.0ms | Allocations: 456)


Started GET "/" for 127.0.0.1 at 2022-09-22 18:52:50 +0300
Processing by PagesController#index as HTML
Redirected to http://localhost:4001/login
Filter chain halted as :require_user rendered or redirected
Completed 302 Found in 2ms (ActiveRecord: 0.0ms | Allocations: 426)


Started GET "/login" for 127.0.0.1 at 2022-09-22 18:52:50 +0300
Processing by SessionsController#new as HTML
  Rendering layout layouts/application.html.erb
  Rendering sessions/new.html.erb within layouts/application
  Rendered sessions/new.html.erb within layouts/application (Duration: 2.0ms | Allocations: 656)
  Rendered layout layouts/application.html.erb (Duration: 7.2ms | Allocations: 2831)
Completed 200 OK in 14ms (Views: 13.5ms | ActiveRecord: 0.0ms | Allocations: 3164)


Started GET "/signup" for 127.0.0.1 at 2022-09-22 18:53:03 +0300
Processing by UsersController#new as HTML
  Rendering layout layouts/application.html.erb
  Rendering users/new.html.erb within layouts/application
  Rendered users/new.html.erb within layouts/application (Duration: 2.8ms | Allocations: 722)
  Rendered layout layouts/application.html.erb (Duration: 18.7ms | Allocations: 2897)
Completed 200 OK in 25ms (Views: 22.7ms | ActiveRecord: 0.0ms | Allocations: 3238)


Started POST "/users" for 127.0.0.1 at 2022-09-22 18:53:09 +0300
Processing by UsersController#create as TURBO_STREAM
  Parameters: {"authenticity_token"=>"[FILTERED]", "user"=>{"email"=>"kozhukhargay@mail.com", "password"=>"[FILTERED]"}, "commit"=>"Create an account"}
  [1m[36mTRANSACTION (0.4ms)[0m  [1m[36mbegin transaction[0m
  ↳ app/controllers/users_controller.rb:9:in `create'
  [1m[36mUser Create (0.5ms)[0m  [1m[32mINSERT INTO "users" ("email", "password_digest", "created_at", "updated_at") VALUES (?, ?, ?, ?)[0m  [["email", "kozhukhargay@mail.com"], ["password_digest", "[FILTERED]"], ["created_at", "2022-09-22 15:53:09.958111"], ["updated_at", "2022-09-22 15:53:09.958111"]]
  ↳ app/controllers/users_controller.rb:9:in `create'
  [1m[36mTRANSACTION (7.9ms)[0m  [1m[36mcommit transaction[0m
  ↳ app/controllers/users_controller.rb:9:in `create'
Redirected to http://localhost:4001/
Completed 302 Found in 337ms (ActiveRecord: 8.8ms | Allocations: 2380)


Started GET "/" for 127.0.0.1 at 2022-09-22 18:53:09 +0300
Processing by PagesController#index as TURBO_STREAM
  [1m[36mUser Load (0.2ms)[0m  [1m[34mSELECT "users".* FROM "users" WHERE "users"."id" = ? LIMIT ?[0m  [["id", 3], ["LIMIT", 1]]
  ↳ app/controllers/application_controller.rb:8:in `current_user'
  Rendering layout layouts/application.html.erb
  Rendering pages/index.html.erb within layouts/application
  Rendered pages/index.html.erb within layouts/application (Duration: 0.0ms | Allocations: 7)
  Rendered layout layouts/application.html.erb (Duration: 4.5ms | Allocations: 2223)
Completed 200 OK in 10ms (Views: 5.7ms | ActiveRecord: 0.2ms | Allocations: 3244)


Started GET "/logout" for 127.0.0.1 at 2022-09-22 18:53:20 +0300
Processing by SessionsController#destroy as HTML
Redirected to http://localhost:4001/
Completed 302 Found in 3ms (ActiveRecord: 0.0ms | Allocations: 411)


Started GET "/" for 127.0.0.1 at 2022-09-22 18:53:20 +0300
Processing by PagesController#index as HTML
Redirected to http://localhost:4001/login
Filter chain halted as :require_user rendered or redirected
Completed 302 Found in 1ms (ActiveRecord: 0.0ms | Allocations: 411)


Started GET "/login" for 127.0.0.1 at 2022-09-22 18:53:20 +0300
Processing by SessionsController#new as HTML
  Rendering layout layouts/application.html.erb
  Rendering sessions/new.html.erb within layouts/application
  Rendered sessions/new.html.erb within layouts/application (Duration: 1.9ms | Allocations: 647)
  Rendered layout layouts/application.html.erb (Duration: 10.2ms | Allocations: 2822)
Completed 200 OK in 12ms (Views: 11.3ms | ActiveRecord: 0.0ms | Allocations: 3140)


Started GET "/" for 127.0.0.1 at 2022-09-22 18:53:23 +0300
Processing by PagesController#index as HTML
Redirected to http://localhost:4001/login
Filter chain halted as :require_user rendered or redirected
Completed 302 Found in 2ms (ActiveRecord: 0.0ms | Allocations: 427)


Started GET "/login" for 127.0.0.1 at 2022-09-22 18:53:23 +0300
Processing by SessionsController#new as HTML
  Rendering layout layouts/application.html.erb
  Rendering sessions/new.html.erb within layouts/application
  Rendered sessions/new.html.erb within layouts/application (Duration: 2.4ms | Allocations: 643)
  Rendered layout layouts/application.html.erb (Duration: 8.9ms | Allocations: 2818)
Completed 200 OK in 17ms (Views: 16.3ms | ActiveRecord: 0.0ms | Allocations: 3134)


Started GET "/main" for 127.0.0.1 at 2022-09-22 18:53:30 +0300
Processing by PagesController#index as HTML
Redirected to http://localhost:4001/login
Filter chain halted as :require_user rendered or redirected
Completed 302 Found in 2ms (ActiveRecord: 0.0ms | Allocations: 417)


Started GET "/login" for 127.0.0.1 at 2022-09-22 18:53:30 +0300
Processing by SessionsController#new as HTML
  Rendering layout layouts/application.html.erb
  Rendering sessions/new.html.erb within layouts/application
  Rendered sessions/new.html.erb within layouts/application (Duration: 2.1ms | Allocations: 633)
  Rendered layout layouts/application.html.erb (Duration: 7.3ms | Allocations: 2808)
Completed 200 OK in 9ms (Views: 8.2ms | ActiveRecord: 0.0ms | Allocations: 3124)


Started POST "/login" for 127.0.0.1 at 2022-09-22 18:53:37 +0300
  
ActionController::RoutingError (No route matches [POST] "/login"):
  
Started POST "/login" for 127.0.0.1 at 2022-09-22 18:53:41 +0300
  
ActionController::RoutingError (No route matches [POST] "/login"):
  
Started POST "/login" for 127.0.0.1 at 2022-09-22 18:53:41 +0300
  
ActionController::RoutingError (No route matches [POST] "/login"):
  
Started POST "/login" for 127.0.0.1 at 2022-09-22 18:53:41 +0300
  
ActionController::RoutingError (No route matches [POST] "/login"):
  
Started POST "/login" for 127.0.0.1 at 2022-09-22 18:53:42 +0300
  
ActionController::RoutingError (No route matches [POST] "/login"):
  
Started POST "/login" for 127.0.0.1 at 2022-09-22 18:53:42 +0300
  
ActionController::RoutingError (No route matches [POST] "/login"):
  
Started POST "/login" for 127.0.0.1 at 2022-09-22 18:53:42 +0300
  
ActionController::RoutingError (No route matches [POST] "/login"):
  
Started POST "/login" for 127.0.0.1 at 2022-09-22 18:53:42 +0300
  
ActionController::RoutingError (No route matches [POST] "/login"):
  
Started GET "/login" for 127.0.0.1 at 2022-09-22 18:53:43 +0300
Processing by SessionsController#new as HTML
  Rendering layout layouts/application.html.erb
  Rendering sessions/new.html.erb within layouts/application
  Rendered sessions/new.html.erb within layouts/application (Duration: 4.5ms | Allocations: 631)
  Rendered layout layouts/application.html.erb (Duration: 16.7ms | Allocations: 2819)
Completed 200 OK in 24ms (Views: 22.0ms | ActiveRecord: 0.0ms | Allocations: 3137)


Started GET "/login" for 127.0.0.1 at 2022-09-22 18:53:44 +0300
Processing by SessionsController#new as HTML
  Rendering layout layouts/application.html.erb
  Rendering sessions/new.html.erb within layouts/application
  Rendered sessions/new.html.erb within layouts/application (Duration: 0.9ms | Allocations: 627)
  Rendered layout layouts/application.html.erb (Duration: 3.9ms | Allocations: 2802)
Completed 200 OK in 5ms (Views: 4.4ms | ActiveRecord: 0.0ms | Allocations: 3120)


Started GET "/login" for 127.0.0.1 at 2022-09-22 18:53:44 +0300
Processing by SessionsController#new as HTML
  Rendering layout layouts/application.html.erb
  Rendering sessions/new.html.erb within layouts/application
  Rendered sessions/new.html.erb within layouts/application (Duration: 1.4ms | Allocations: 639)
  Rendered layout layouts/application.html.erb (Duration: 5.9ms | Allocations: 2836)
Completed 200 OK in 7ms (Views: 6.8ms | ActiveRecord: 0.0ms | Allocations: 3154)


Started GET "/login" for 127.0.0.1 at 2022-09-22 18:53:44 +0300
Processing by SessionsController#new as HTML
  Rendering layout layouts/application.html.erb
  Rendering sessions/new.html.erb within layouts/application
  Rendered sessions/new.html.erb within layouts/application (Duration: 1.0ms | Allocations: 631)
  Rendered layout layouts/application.html.erb (Duration: 5.9ms | Allocations: 2806)
Completed 200 OK in 7ms (Views: 6.5ms | ActiveRecord: 0.0ms | Allocations: 3124)


Started GET "/login" for 127.0.0.1 at 2022-09-22 18:53:44 +0300
Processing by SessionsController#new as HTML
  Rendering layout layouts/application.html.erb
  Rendering sessions/new.html.erb within layouts/application
  Rendered sessions/new.html.erb within layouts/application (Duration: 0.9ms | Allocations: 635)
  Rendered layout layouts/application.html.erb (Duration: 5.1ms | Allocations: 2810)
Completed 200 OK in 6ms (Views: 5.7ms | ActiveRecord: 0.0ms | Allocations: 3128)


Started POST "/login" for 127.0.0.1 at 2022-09-22 18:53:49 +0300
  
ActionController::RoutingError (No route matches [POST] "/login"):
  
Started GET "/login" for 127.0.0.1 at 2022-09-22 18:53:50 +0300
Processing by SessionsController#new as HTML
  Rendering layout layouts/application.html.erb
  Rendering sessions/new.html.erb within layouts/application
  Rendered sessions/new.html.erb within layouts/application (Duration: 1.1ms | Allocations: 639)
  Rendered layout layouts/application.html.erb (Duration: 5.5ms | Allocations: 2814)
Completed 200 OK in 7ms (Views: 6.3ms | ActiveRecord: 0.0ms | Allocations: 3130)


Started GET "/" for 127.0.0.1 at 2022-09-22 18:53:53 +0300
Processing by PagesController#index as HTML
Redirected to http://localhost:4001/login
Filter chain halted as :require_user rendered or redirected
Completed 302 Found in 3ms (ActiveRecord: 0.0ms | Allocations: 409)


Started GET "/login" for 127.0.0.1 at 2022-09-22 18:53:53 +0300
Processing by SessionsController#new as HTML
  Rendering layout layouts/application.html.erb
  Rendering sessions/new.html.erb within layouts/application
  Rendered sessions/new.html.erb within layouts/application (Duration: 1.8ms | Allocations: 637)
  Rendered layout layouts/application.html.erb (Duration: 11.8ms | Allocations: 2812)
Completed 200 OK in 13ms (Views: 12.5ms | ActiveRecord: 0.0ms | Allocations: 3128)


Started GET "/signup" for 127.0.0.1 at 2022-09-22 18:53:54 +0300
Processing by UsersController#new as HTML
  Rendering layout layouts/application.html.erb
  Rendering users/new.html.erb within layouts/application
  Rendered users/new.html.erb within layouts/application (Duration: 1.7ms | Allocations: 696)
  Rendered layout layouts/application.html.erb (Duration: 9.8ms | Allocations: 2871)
Completed 200 OK in 12ms (Views: 10.6ms | ActiveRecord: 0.0ms | Allocations: 3201)


Started GET "/login" for 127.0.0.1 at 2022-09-22 18:53:55 +0300
Processing by SessionsController#new as HTML
  Rendering layout layouts/application.html.erb
  Rendering sessions/new.html.erb within layouts/application
  Rendered sessions/new.html.erb within layouts/application (Duration: 1.2ms | Allocations: 633)
  Rendered layout layouts/application.html.erb (Duration: 6.2ms | Allocations: 2808)
Completed 200 OK in 8ms (Views: 7.0ms | ActiveRecord: 0.0ms | Allocations: 3126)


Started GET "/login" for 127.0.0.1 at 2022-09-22 18:53:55 +0300
Processing by SessionsController#new as HTML
  Rendering layout layouts/application.html.erb
  Rendering sessions/new.html.erb within layouts/application
  Rendered sessions/new.html.erb within layouts/application (Duration: 1.6ms | Allocations: 643)
  Rendered layout layouts/application.html.erb (Duration: 5.9ms | Allocations: 2831)
Completed 200 OK in 7ms (Views: 6.7ms | ActiveRecord: 0.0ms | Allocations: 3148)


Started GET "/signup" for 127.0.0.1 at 2022-09-22 18:53:56 +0300
Processing by UsersController#new as HTML
  Rendering layout layouts/application.html.erb
  Rendering users/new.html.erb within layouts/application
  Rendered users/new.html.erb within layouts/application (Duration: 3.2ms | Allocations: 694)
  Rendered layout layouts/application.html.erb (Duration: 14.8ms | Allocations: 2869)
Completed 200 OK in 17ms (Views: 16.0ms | ActiveRecord: 0.0ms | Allocations: 3199)


Started GET "/logout" for 127.0.0.1 at 2022-09-22 18:53:58 +0300
Processing by SessionsController#destroy as HTML
Redirected to http://localhost:4001/
Completed 302 Found in 2ms (ActiveRecord: 0.0ms | Allocations: 394)


Started GET "/" for 127.0.0.1 at 2022-09-22 18:53:58 +0300
Processing by PagesController#index as HTML
Redirected to http://localhost:4001/login
Filter chain halted as :require_user rendered or redirected
Completed 302 Found in 13ms (ActiveRecord: 0.0ms | Allocations: 421)


Started GET "/login" for 127.0.0.1 at 2022-09-22 18:53:58 +0300
Processing by SessionsController#new as HTML
  Rendering layout layouts/application.html.erb
  Rendering sessions/new.html.erb within layouts/application
  Rendered sessions/new.html.erb within layouts/application (Duration: 1.4ms | Allocations: 639)
  Rendered layout layouts/application.html.erb (Duration: 6.2ms | Allocations: 2814)
Completed 200 OK in 8ms (Views: 7.2ms | ActiveRecord: 0.0ms | Allocations: 3130)


Started GET "/" for 127.0.0.1 at 2022-09-22 18:53:59 +0300
Processing by PagesController#index as HTML
Redirected to http://localhost:4001/login
Filter chain halted as :require_user rendered or redirected
Completed 302 Found in 1ms (ActiveRecord: 0.0ms | Allocations: 413)


Started GET "/login" for 127.0.0.1 at 2022-09-22 18:53:59 +0300
Processing by SessionsController#new as HTML
  Rendering layout layouts/application.html.erb
  Rendering sessions/new.html.erb within layouts/application
  Rendered sessions/new.html.erb within layouts/application (Duration: 1.3ms | Allocations: 653)
  Rendered layout layouts/application.html.erb (Duration: 12.7ms | Allocations: 2828)
Completed 200 OK in 14ms (Views: 13.3ms | ActiveRecord: 0.0ms | Allocations: 3144)


Started GET "/signup" for 127.0.0.1 at 2022-09-22 18:54:00 +0300
Processing by UsersController#new as HTML
  Rendering layout layouts/application.html.erb
  Rendering users/new.html.erb within layouts/application
  Rendered users/new.html.erb within layouts/application (Duration: 1.3ms | Allocations: 694)
  Rendered layout layouts/application.html.erb (Duration: 5.1ms | Allocations: 2869)
Completed 200 OK in 6ms (Views: 5.7ms | ActiveRecord: 0.0ms | Allocations: 3200)


Started GET "/login" for 127.0.0.1 at 2022-09-22 18:54:00 +0300
Processing by SessionsController#new as HTML
  Rendering layout layouts/application.html.erb
  Rendering sessions/new.html.erb within layouts/application
  Rendered sessions/new.html.erb within layouts/application (Duration: 1.3ms | Allocations: 635)
  Rendered layout layouts/application.html.erb (Duration: 6.6ms | Allocations: 2810)
Completed 200 OK in 10ms (Views: 9.4ms | ActiveRecord: 0.0ms | Allocations: 3128)


Started GET "/login" for 127.0.0.1 at 2022-09-22 18:54:00 +0300
Processing by SessionsController#new as HTML
  Rendering layout layouts/application.html.erb
  Rendering sessions/new.html.erb within layouts/application
  Rendered sessions/new.html.erb within layouts/application (Duration: 1.0ms | Allocations: 639)
  Rendered layout layouts/application.html.erb (Duration: 4.5ms | Allocations: 2814)
Completed 200 OK in 7ms (Views: 6.4ms | ActiveRecord: 0.0ms | Allocations: 3131)


Started GET "/signup" for 127.0.0.1 at 2022-09-22 18:54:03 +0300
Processing by UsersController#new as HTML
  Rendering layout layouts/application.html.erb
  Rendering users/new.html.erb within layouts/application
  Rendered users/new.html.erb within layouts/application (Duration: 5.5ms | Allocations: 704)
  Rendered layout layouts/application.html.erb (Duration: 26.1ms | Allocations: 2880)
Completed 200 OK in 31ms (Views: 28.1ms | ActiveRecord: 0.0ms | Allocations: 3212)


Started POST "/users" for 127.0.0.1 at 2022-09-22 18:54:10 +0300
Processing by UsersController#create as TURBO_STREAM
  Parameters: {"authenticity_token"=>"[FILTERED]", "user"=>{"email"=>"kozhukhargay@mail.com", "password"=>"[FILTERED]"}, "commit"=>"Create an account"}
  [1m[36mTRANSACTION (0.1ms)[0m  [1m[36mbegin transaction[0m
  ↳ app/controllers/users_controller.rb:9:in `create'
  [1m[36mUser Create (0.3ms)[0m  [1m[32mINSERT INTO "users" ("email", "password_digest", "created_at", "updated_at") VALUES (?, ?, ?, ?)[0m  [["email", "kozhukhargay@mail.com"], ["password_digest", "[FILTERED]"], ["created_at", "2022-09-22 15:54:10.397021"], ["updated_at", "2022-09-22 15:54:10.397021"]]
  ↳ app/controllers/users_controller.rb:9:in `create'
  [1m[36mTRANSACTION (7.8ms)[0m  [1m[36mcommit transaction[0m
  ↳ app/controllers/users_controller.rb:9:in `create'
Redirected to http://localhost:4001/
Completed 302 Found in 380ms (ActiveRecord: 8.2ms | Allocations: 2234)


Started GET "/" for 127.0.0.1 at 2022-09-22 18:54:10 +0300
Processing by PagesController#index as TURBO_STREAM
  [1m[36mUser Load (0.1ms)[0m  [1m[34mSELECT "users".* FROM "users" WHERE "users"."id" = ? LIMIT ?[0m  [["id", 4], ["LIMIT", 1]]
  ↳ app/controllers/application_controller.rb:8:in `current_user'
  Rendering layout layouts/application.html.erb
  Rendering pages/index.html.erb within layouts/application
  Rendered pages/index.html.erb within layouts/application (Duration: 0.0ms | Allocations: 7)
  Rendered layout layouts/application.html.erb (Duration: 3.2ms | Allocations: 2235)
Completed 200 OK in 6ms (Views: 3.9ms | ActiveRecord: 0.1ms | Allocations: 3234)


Started GET "/login" for 127.0.0.1 at 2022-09-22 18:54:21 +0300
Processing by SessionsController#new as HTML
  Rendering layout layouts/application.html.erb
  Rendering sessions/new.html.erb within layouts/application
  Rendered sessions/new.html.erb within layouts/application (Duration: 1.6ms | Allocations: 652)
  [1m[36mUser Load (0.2ms)[0m  [1m[34mSELECT "users".* FROM "users" WHERE "users"."id" = ? LIMIT ?[0m  [["id", 4], ["LIMIT", 1]]
  ↳ app/controllers/application_controller.rb:8:in `current_user'
  Rendered layout layouts/application.html.erb (Duration: 8.2ms | Allocations: 3312)
Completed 200 OK in 10ms (Views: 9.6ms | ActiveRecord: 0.2ms | Allocations: 3628)


Started GET "/login" for 127.0.0.1 at 2022-09-22 18:54:21 +0300
Processing by SessionsController#new as HTML
  Rendering layout layouts/application.html.erb
  Rendering sessions/new.html.erb within layouts/application
  Rendered sessions/new.html.erb within layouts/application (Duration: 0.8ms | Allocations: 646)
  [1m[36mUser Load (0.1ms)[0m  [1m[34mSELECT "users".* FROM "users" WHERE "users"."id" = ? LIMIT ?[0m  [["id", 4], ["LIMIT", 1]]
  ↳ app/controllers/application_controller.rb:8:in `current_user'
  Rendered layout layouts/application.html.erb (Duration: 4.6ms | Allocations: 3301)
Completed 200 OK in 5ms (Views: 5.0ms | ActiveRecord: 0.1ms | Allocations: 3617)


Started GET "/login" for 127.0.0.1 at 2022-09-22 18:54:21 +0300
Processing by SessionsController#new as HTML
  Rendering layout layouts/application.html.erb
  Rendering sessions/new.html.erb within layouts/application
  Rendered sessions/new.html.erb within layouts/application (Duration: 0.8ms | Allocations: 654)
  [1m[36mUser Load (0.1ms)[0m  [1m[34mSELECT "users".* FROM "users" WHERE "users"."id" = ? LIMIT ?[0m  [["id", 4], ["LIMIT", 1]]
  ↳ app/controllers/application_controller.rb:8:in `current_user'
  Rendered layout layouts/application.html.erb (Duration: 5.3ms | Allocations: 3309)
Completed 200 OK in 6ms (Views: 5.7ms | ActiveRecord: 0.1ms | Allocations: 3625)


Started GET "/login" for 127.0.0.1 at 2022-09-22 18:54:21 +0300
Processing by SessionsController#new as HTML
  Rendering layout layouts/application.html.erb
  Rendering sessions/new.html.erb within layouts/application
  Rendered sessions/new.html.erb within layouts/application (Duration: 2.0ms | Allocations: 652)
  [1m[36mUser Load (0.1ms)[0m  [1m[34mSELECT "users".* FROM "users" WHERE "users"."id" = ? LIMIT ?[0m  [["id", 4], ["LIMIT", 1]]
  ↳ app/controllers/application_controller.rb:8:in `current_user'
  Rendered layout layouts/application.html.erb (Duration: 15.9ms | Allocations: 3307)
Completed 200 OK in 20ms (Views: 16.8ms | ActiveRecord: 0.1ms | Allocations: 3623)


Started GET "/main" for 127.0.0.1 at 2022-09-22 18:54:25 +0300
Processing by PagesController#index as HTML
  [1m[36mUser Load (0.1ms)[0m  [1m[34mSELECT "users".* FROM "users" WHERE "users"."id" = ? LIMIT ?[0m  [["id", 4], ["LIMIT", 1]]
  ↳ app/controllers/application_controller.rb:8:in `current_user'
  Rendering layout layouts/application.html.erb
  Rendering pages/index.html.erb within layouts/application
  Rendered pages/index.html.erb within layouts/application (Duration: 0.0ms | Allocations: 7)
  Rendered layout layouts/application.html.erb (Duration: 2.9ms | Allocations: 2223)
Completed 200 OK in 5ms (Views: 3.8ms | ActiveRecord: 0.1ms | Allocations: 3214)


Started GET "/logout" for 127.0.0.1 at 2022-09-22 18:55:43 +0300
Processing by SessionsController#destroy as HTML
Redirected to http://localhost:4001/
Completed 302 Found in 1ms (Allocations: 555)


Started GET "/" for 127.0.0.1 at 2022-09-22 18:55:43 +0300
Processing by PagesController#index as HTML
Redirected to http://localhost:4001/login
Filter chain halted as :require_user rendered or redirected
Completed 302 Found in 2ms (Allocations: 576)


Started GET "/login" for 127.0.0.1 at 2022-09-22 18:55:43 +0300
Processing by SessionsController#new as HTML
  Rendering layout layouts/application.html.erb
  Rendering sessions/new.html.erb within layouts/application
  Rendered sessions/new.html.erb within layouts/application (Duration: 1.0ms | Allocations: 801)
  Rendered layout layouts/application.html.erb (Duration: 18.0ms | Allocations: 14548)
Completed 200 OK in 20ms (Views: 19.5ms | Allocations: 15396)


Started POST "/login" for 127.0.0.1 at 2022-09-22 18:55:50 +0300
Processing by SessionsController#create as TURBO_STREAM
  Parameters: {"authenticity_token"=>"[FILTERED]", "session"=>{"email"=>"kozhukhargay@mail.com", "password"=>"[FILTERED]"}, "commit"=>"Log in"}
  [1m[36mUser Load (0.3ms)[0m  [1m[34mSELECT "users".* FROM "users" WHERE "users"."email" = ? LIMIT ?[0m  [["email", "kozhukhargay@mail.com"], ["LIMIT", 1]]
  ↳ app/controllers/sessions_controller.rb:7:in `create'
Redirected to http://localhost:4001/
Completed 302 Found in 303ms (ActiveRecord: 2.6ms | Allocations: 4247)


Started GET "/" for 127.0.0.1 at 2022-09-22 18:55:50 +0300
Processing by PagesController#index as TURBO_STREAM
  [1m[36mUser Load (0.2ms)[0m  [1m[34mSELECT "users".* FROM "users" WHERE "users"."id" = ? LIMIT ?[0m  [["id", 1], ["LIMIT", 1]]
  ↳ app/controllers/application_controller.rb:8:in `current_user'
  Rendering layout layouts/application.html.erb
  Rendering pages/index.html.erb within layouts/application
  Rendered pages/index.html.erb within layouts/application (Duration: 0.0ms | Allocations: 12)
  Rendered layout layouts/application.html.erb (Duration: 3.2ms | Allocations: 2494)
Completed 200 OK in 7ms (Views: 4.9ms | ActiveRecord: 0.2ms | Allocations: 4644)


